Flow report for DDA
Wed Oct 05 07:17:37 2022
Quartus Prime Version 20.1.0 Build 711 06/05/2020 SJ Lite Edition


---------------------
; Table of Contents ;
---------------------
  1. Legal Notice
  2. Flow Summary
  3. Flow Settings
  4. Flow Non-Default Global Settings
  5. Flow Elapsed Time
  6. Flow OS Summary
  7. Flow Log
  8. Flow Messages
  9. Flow Suppressed Messages



----------------
; Legal Notice ;
----------------
Copyright (C) 2020  Intel Corporation. All rights reserved.
Your use of Intel Corporation's design tools, logic functions 
and other software and tools, and any partner logic 
functions, and any output files from any of the foregoing 
(including device programming or simulation files), and any 
associated documentation or information are expressly subject 
to the terms and conditions of the Intel Program License 
Subscription Agreement, the Intel Quartus Prime License Agreement,
the Intel FPGA IP License Agreement, or other applicable license
agreement, including, without limitation, that your use is for
the sole purpose of programming logic devices manufactured by
Intel and sold by Intel or its authorized distributors.  Please
refer to the applicable agreement for further details, at
https://fpgasoftware.intel.com/eula.



+----------------------------------------------------------------------------------+
; Flow Summary                                                                     ;
+------------------------------------+---------------------------------------------+
; Flow Status                        ; Successful - Wed Oct 05 07:17:33 2022       ;
; Quartus Prime Version              ; 20.1.0 Build 711 06/05/2020 SJ Lite Edition ;
; Revision Name                      ; DDA                                         ;
; Top-level Entity Name              ; DDA_top                                     ;
; Family                             ; Cyclone IV E                                ;
; Device                             ; EP4CE6E22C6                                 ;
; Timing Models                      ; Final                                       ;
; Total logic elements               ; 2,011 / 6,272 ( 32 % )                      ;
;     Total combinational functions  ; 1,819 / 6,272 ( 29 % )                      ;
;     Dedicated logic registers      ; 1,104 / 6,272 ( 18 % )                      ;
; Total registers                    ; 1104                                        ;
; Total pins                         ; 7 / 92 ( 8 % )                              ;
; Total virtual pins                 ; 0                                           ;
; Total memory bits                  ; 142,336 / 276,480 ( 51 % )                  ;
; Embedded Multiplier 9-bit elements ; 4 / 30 ( 13 % )                             ;
; Total PLLs                         ; 1 / 2 ( 50 % )                              ;
+------------------------------------+---------------------------------------------+


+-----------------------------------------+
; Flow Settings                           ;
+-------------------+---------------------+
; Option            ; Setting             ;
+-------------------+---------------------+
; Start date & time ; 10/05/2022 07:16:19 ;
; Main task         ; Compilation         ;
; Revision Name     ; DDA                 ;
+-------------------+---------------------+


+------------------------------------------------------------------------------------------------------------------------------------------------------+
; Flow Non-Default Global Settings                                                                                                                     ;
+-------------------------------------+------------------------------------------------------------------+---------------+----------------+------------+
; Assignment Name                     ; Value                                                            ; Default Value ; Entity Name    ; Section Id ;
+-------------------------------------+------------------------------------------------------------------+---------------+----------------+------------+
; COMPILER_SIGNATURE_ID               ; 136935930991703.166494697901896                                  ; --            ; --             ; --         ;
; MAX_CORE_JUNCTION_TEMP              ; 85                                                               ; --            ; --             ; --         ;
; MIN_CORE_JUNCTION_TEMP              ; 0                                                                ; --            ; --             ; --         ;
; MISC_FILE                           ; QSYS/synthesis/../NIOSII_JTAG_IO.cmp                             ; --            ; --             ; --         ;
; MISC_FILE                           ; QSYS/synthesis/../NIOSII_JTAG_IO.qsys                            ; --            ; --             ; --         ;
; MISC_FILE                           ; PLL_bb.v                                                         ; --            ; --             ; --         ;
; MISC_FILE                           ; PLL.ppf                                                          ; --            ; --             ; --         ;
; NUM_PARALLEL_PROCESSORS             ; All                                                              ; --            ; --             ; --         ;
; OUTPUT_IO_TIMING_FAR_END_VMEAS      ; Half Signal Swing                                                ; --            ; --             ; --         ;
; OUTPUT_IO_TIMING_FAR_END_VMEAS      ; Half Signal Swing                                                ; --            ; --             ; --         ;
; OUTPUT_IO_TIMING_NEAR_END_VMEAS     ; Half Vccio                                                       ; --            ; --             ; --         ;
; OUTPUT_IO_TIMING_NEAR_END_VMEAS     ; Half Vccio                                                       ; --            ; --             ; --         ;
; PARTITION_COLOR                     ; -- (Not supported for targeted family)                           ; --            ; DDA_top        ; Top        ;
; PARTITION_FITTER_PRESERVATION_LEVEL ; -- (Not supported for targeted family)                           ; --            ; DDA_top        ; Top        ;
; PARTITION_NETLIST_TYPE              ; -- (Not supported for targeted family)                           ; --            ; DDA_top        ; Top        ;
; PROJECT_OUTPUT_DIRECTORY            ; output_files                                                     ; --            ; --             ; --         ;
; SLD_FILE                            ; QSYS/synthesis/NIOSII_JTAG_IO.regmap                             ; --            ; --             ; --         ;
; SLD_FILE                            ; QSYS/synthesis/NIOSII_JTAG_IO.debuginfo                          ; --            ; --             ; --         ;
; SLD_INFO                            ; QSYS_NAME NIOSII_JTAG_IO HAS_SOPCINFO 1 GENERATION_ID 1663975708 ; --            ; NIOSII_JTAG_IO ; --         ;
; SOPCINFO_FILE                       ; QSYS/synthesis/../NIOSII_JTAG_IO.sopcinfo                        ; --            ; --             ; --         ;
; SYNTHESIS_ONLY_QIP                  ; On                                                               ; --            ; --             ; --         ;
; SYNTH_GATED_CLOCK_CONVERSION        ; On                                                               ; Off           ; --             ; --         ;
; TOP_LEVEL_ENTITY                    ; DDA_top                                                          ; DDA           ; --             ; --         ;
+-------------------------------------+------------------------------------------------------------------+---------------+----------------+------------+


+--------------------------------------------------------------------------------------------------------------------------+
; Flow Elapsed Time                                                                                                        ;
+----------------------+--------------+-------------------------+---------------------+------------------------------------+
; Module Name          ; Elapsed Time ; Average Processors Used ; Peak Virtual Memory ; Total CPU Time (on all processors) ;
+----------------------+--------------+-------------------------+---------------------+------------------------------------+
; Analysis & Synthesis ; 00:00:45     ; 1.0                     ; 4940 MB             ; 00:00:53                           ;
; Fitter               ; 00:00:12     ; 1.1                     ; 6149 MB             ; 00:00:11                           ;
; Assembler            ; 00:00:02     ; 1.0                     ; 4691 MB             ; 00:00:02                           ;
; Timing Analyzer      ; 00:00:02     ; 1.2                     ; 4902 MB             ; 00:00:02                           ;
; Total                ; 00:01:01     ; --                      ; --                  ; 00:01:08                           ;
+----------------------+--------------+-------------------------+---------------------+------------------------------------+


+------------------------------------------------------------------------------------+
; Flow OS Summary                                                                    ;
+----------------------+------------------+------------+------------+----------------+
; Module Name          ; Machine Hostname ; OS Name    ; OS Version ; Processor type ;
+----------------------+------------------+------------+------------+----------------+
; Analysis & Synthesis ; Mohamed-Tareq    ; Windows 10 ; 10.0       ; x86_64         ;
; Fitter               ; Mohamed-Tareq    ; Windows 10 ; 10.0       ; x86_64         ;
; Assembler            ; Mohamed-Tareq    ; Windows 10 ; 10.0       ; x86_64         ;
; Timing Analyzer      ; Mohamed-Tareq    ; Windows 10 ; 10.0       ; x86_64         ;
+----------------------+------------------+------------+------------+----------------+


------------
; Flow Log ;
------------
quartus_map --read_settings_files=on --write_settings_files=off DDA -c DDA
quartus_fit --read_settings_files=off --write_settings_files=off DDA -c DDA
quartus_asm --read_settings_files=off --write_settings_files=off DDA -c DDA
quartus_sta DDA -c DDA



